2025-06-28 11:01:32.893 [io-compute-blocker-5] INFO  com.zaxxer.hikari.HikariDataSource - HikariPool-1 - Starting...
2025-06-28 11:01:34.230 [io-compute-blocker-5] ERROR Process.Server - Failed to start server: Failed to initialize pool: FATAL: database "galphosregion_management" does not exist
com.zaxxer.hikari.pool.HikariPool$PoolInitializationException: Failed to initialize pool: FATAL: database "galphosregion_management" does not exist
	at com.zaxxer.hikari.pool.HikariPool.throwPoolInitializationException(HikariPool.java:584)
	at com.zaxxer.hikari.pool.HikariPool.checkFailFast(HikariPool.java:571)
	at com.zaxxer.hikari.pool.HikariPool.<init>(HikariPool.java:98)
	at com.zaxxer.hikari.HikariDataSource.<init>(HikariDataSource.java:80)
	at Database.DatabaseConnection.<init>(DatabaseConnection.scala:21)
	at Process.Init$.init(Init.scala:14)
	at Process.Server$.run$$anonfun$1(Server.scala:31)
	at blocking @ Process.ProcessUtils$.readConfig(ProcessUtils.scala:29)
	at flatMap @ Process.Server$.run(Server.scala:61)
	at handleErrorWith @ Process.Server$.run(Server.scala:64)
	at main$ @ Process.Server$.main(Server.scala:14)
	at main$ @ Process.Server$.main(Server.scala:14)
	at main$ @ Process.Server$.main(Server.scala:14)
Caused by: org.postgresql.util.PSQLException: FATAL: database "galphosregion_management" does not exist
	at org.postgresql.core.v3.QueryExecutorImpl.receiveErrorResponse(QueryExecutorImpl.java:2725)
	at org.postgresql.core.v3.QueryExecutorImpl.readStartupMessages(QueryExecutorImpl.java:2837)
	at org.postgresql.core.v3.QueryExecutorImpl.<init>(QueryExecutorImpl.java:175)
	at org.postgresql.core.v3.ConnectionFactoryImpl.openConnectionImpl(ConnectionFactoryImpl.java:317)
	at org.postgresql.core.ConnectionFactory.openConnection(ConnectionFactory.java:54)
	at org.postgresql.jdbc.PgConnection.<init>(PgConnection.java:273)
	at org.postgresql.Driver.makeConnection(Driver.java:446)
	at org.postgresql.Driver.connect(Driver.java:298)
	at com.zaxxer.hikari.util.DriverDataSource.getConnection(DriverDataSource.java:137)
	at com.zaxxer.hikari.pool.PoolBase.newConnection(PoolBase.java:360)
	at com.zaxxer.hikari.pool.PoolBase.newPoolEntry(PoolBase.java:202)
	at com.zaxxer.hikari.pool.HikariPool.createPoolEntry(HikariPool.java:461)
	at com.zaxxer.hikari.pool.HikariPool.checkFailFast(HikariPool.java:550)
	at com.zaxxer.hikari.pool.HikariPool.<init>(HikariPool.java:98)
	at com.zaxxer.hikari.HikariDataSource.<init>(HikariDataSource.java:80)
	at Database.DatabaseConnection.<init>(DatabaseConnection.scala:21)
	at Process.Init$.init(Init.scala:14)
	at Process.Server$.run$$anonfun$1(Server.scala:31)
	at cats.effect.IOFiber.succeeded(IOFiber.scala:1200)
	at cats.effect.IOFiber.runLoop(IOFiber.scala:1012)
	at cats.effect.IOFiber.execR(IOFiber.scala:1362)
	at cats.effect.IOFiber.run(IOFiber.scala:112)
	at cats.effect.unsafe.WorkerThread.run(WorkerThread.scala:702)
2025-06-28 11:02:54.702 [io-compute-blocker-3] INFO  com.zaxxer.hikari.HikariDataSource - HikariPool-1 - Starting...
2025-06-28 11:02:56.010 [io-compute-blocker-3] ERROR Process.Server - Failed to start server: Failed to initialize pool: FATAL: database "region_management" does not exist
com.zaxxer.hikari.pool.HikariPool$PoolInitializationException: Failed to initialize pool: FATAL: database "region_management" does not exist
	at com.zaxxer.hikari.pool.HikariPool.throwPoolInitializationException(HikariPool.java:584)
	at com.zaxxer.hikari.pool.HikariPool.checkFailFast(HikariPool.java:571)
	at com.zaxxer.hikari.pool.HikariPool.<init>(HikariPool.java:98)
	at com.zaxxer.hikari.HikariDataSource.<init>(HikariDataSource.java:80)
	at Database.DatabaseConnection.<init>(DatabaseConnection.scala:21)
	at Process.Init$.init(Init.scala:14)
	at Process.Server$.run$$anonfun$1(Server.scala:31)
	at blocking @ Process.ProcessUtils$.readConfig(ProcessUtils.scala:29)
	at flatMap @ Process.Server$.run(Server.scala:61)
	at handleErrorWith @ Process.Server$.run(Server.scala:64)
	at main$ @ Process.Server$.main(Server.scala:14)
	at main$ @ Process.Server$.main(Server.scala:14)
	at main$ @ Process.Server$.main(Server.scala:14)
Caused by: org.postgresql.util.PSQLException: FATAL: database "region_management" does not exist
	at org.postgresql.core.v3.QueryExecutorImpl.receiveErrorResponse(QueryExecutorImpl.java:2725)
	at org.postgresql.core.v3.QueryExecutorImpl.readStartupMessages(QueryExecutorImpl.java:2837)
	at org.postgresql.core.v3.QueryExecutorImpl.<init>(QueryExecutorImpl.java:175)
	at org.postgresql.core.v3.ConnectionFactoryImpl.openConnectionImpl(ConnectionFactoryImpl.java:317)
	at org.postgresql.core.ConnectionFactory.openConnection(ConnectionFactory.java:54)
	at org.postgresql.jdbc.PgConnection.<init>(PgConnection.java:273)
	at org.postgresql.Driver.makeConnection(Driver.java:446)
	at org.postgresql.Driver.connect(Driver.java:298)
	at com.zaxxer.hikari.util.DriverDataSource.getConnection(DriverDataSource.java:137)
	at com.zaxxer.hikari.pool.PoolBase.newConnection(PoolBase.java:360)
	at com.zaxxer.hikari.pool.PoolBase.newPoolEntry(PoolBase.java:202)
	at com.zaxxer.hikari.pool.HikariPool.createPoolEntry(HikariPool.java:461)
	at com.zaxxer.hikari.pool.HikariPool.checkFailFast(HikariPool.java:550)
	at com.zaxxer.hikari.pool.HikariPool.<init>(HikariPool.java:98)
	at com.zaxxer.hikari.HikariDataSource.<init>(HikariDataSource.java:80)
	at Database.DatabaseConnection.<init>(DatabaseConnection.scala:21)
	at Process.Init$.init(Init.scala:14)
	at Process.Server$.run$$anonfun$1(Server.scala:31)
	at cats.effect.IOFiber.succeeded(IOFiber.scala:1200)
	at cats.effect.IOFiber.runLoop(IOFiber.scala:1012)
	at cats.effect.IOFiber.execR(IOFiber.scala:1362)
	at cats.effect.IOFiber.run(IOFiber.scala:112)
	at cats.effect.unsafe.WorkerThread.run(WorkerThread.scala:702)
2025-06-28 11:03:36.571 [io-compute-blocker-4] INFO  com.zaxxer.hikari.HikariDataSource - HikariPool-1 - Starting...
2025-06-28 11:03:36.907 [io-compute-blocker-4] INFO  com.zaxxer.hikari.pool.HikariPool - HikariPool-1 - Added connection org.postgresql.jdbc.PgConnection@5bbce770
2025-06-28 11:03:36.908 [io-compute-blocker-4] INFO  com.zaxxer.hikari.HikariDataSource - HikariPool-1 - Start completed.
2025-06-28 11:03:38.076 [io-compute-0] INFO  o.h.ember.server.EmberServerBuilder - Ember-Server service bound to address: 127.0.0.1:3007
2025-06-28 11:03:38.077 [io-compute-0] INFO  Process.Server - Region Management Service started at http://127.0.0.1:3007
2025-06-28 11:05:54.627 [io-compute-blocker-0] INFO  com.zaxxer.hikari.HikariDataSource - HikariPool-1 - Starting...
2025-06-28 11:05:54.948 [io-compute-blocker-0] INFO  com.zaxxer.hikari.pool.HikariPool - HikariPool-1 - Added connection org.postgresql.jdbc.PgConnection@3470ea06
2025-06-28 11:05:54.950 [io-compute-blocker-0] INFO  com.zaxxer.hikari.HikariDataSource - HikariPool-1 - Start completed.
2025-06-28 11:05:56.103 [io-compute-3] INFO  o.h.ember.server.EmberServerBuilder - Ember-Server service bound to address: 127.0.0.1:3007
2025-06-28 11:05:56.105 [io-compute-3] INFO  Process.Server - Region Management Service started at http://127.0.0.1:3007
2025-06-28 11:22:21.162 [io-compute-blocker-2] INFO  com.zaxxer.hikari.HikariDataSource - HikariPool-1 - Starting...
2025-06-28 11:22:21.492 [io-compute-blocker-2] INFO  com.zaxxer.hikari.pool.HikariPool - HikariPool-1 - Added connection org.postgresql.jdbc.PgConnection@14109dba
2025-06-28 11:22:21.493 [io-compute-blocker-2] INFO  com.zaxxer.hikari.HikariDataSource - HikariPool-1 - Start completed.
2025-06-28 11:22:22.638 [io-compute-2] INFO  o.h.ember.server.EmberServerBuilder - Ember-Server service bound to address: 127.0.0.1:3007
2025-06-28 11:22:22.639 [io-compute-2] INFO  Process.Server - Region Management Service started at http://127.0.0.1:3007
2025-06-28 11:52:07.560 [io-compute-blocker-2] INFO  com.zaxxer.hikari.HikariDataSource - HikariPool-1 - Starting...
2025-06-28 11:52:07.859 [io-compute-blocker-2] INFO  com.zaxxer.hikari.pool.HikariPool - HikariPool-1 - Added connection org.postgresql.jdbc.PgConnection@18d411b0
2025-06-28 11:52:07.861 [io-compute-blocker-2] INFO  com.zaxxer.hikari.HikariDataSource - HikariPool-1 - Start completed.
2025-06-28 11:52:09.018 [io-compute-4] INFO  o.h.ember.server.EmberServerBuilder - Ember-Server service bound to address: 127.0.0.1:3007
2025-06-28 11:52:09.019 [io-compute-4] INFO  Process.Server - Region Management Service started at http://127.0.0.1:3007
